0 info it worked if it ends with ok
1 verbose cli [ '/Users/ecorreia/.nvm/versions/node/v7.3.0/bin/node',
1 verbose cli   '/Users/ecorreia/.nvm/versions/node/v7.3.0/bin/npm',
1 verbose cli   'run',
1 verbose cli   'local' ]
2 info using npm@3.10.10
3 info using node@v7.3.0
4 verbose run-script [ 'prelocal', 'local', 'postlocal' ]
5 info lifecycle cwco-website@1.0.0~prelocal: cwco-website@1.0.0
6 silly lifecycle cwco-website@1.0.0~prelocal: no script for prelocal, continuing
7 info lifecycle cwco-website@1.0.0~local: cwco-website@1.0.0
8 verbose lifecycle cwco-website@1.0.0~local: unsafe-perm in lifecycle true
9 verbose lifecycle cwco-website@1.0.0~local: PATH: /Users/ecorreia/.nvm/versions/node/v7.3.0/lib/node_modules/npm/bin/node-gyp-bin:/Users/ecorreia/Sites/@beforesemicolon/cwco-website/node_modules/.bin:/usr/local/bin/python3:/Library/Frameworks/Python.framework/Versions/3.6/bin:/Users/ecorreia/.nvm/versions/node/v7.3.0/bin:/Users/ecorreia/.npm-global/bin:/usr/local/bin:/usr/bin:/bin:/usr/sbin:/sbin:/Library/Apple/usr/bin:/Library/Frameworks/Mono.framework/Versions/Current/Commands:/Users/ecorreia/Sites/@beforesemicolon/cwco-website/node_modules/.bin:/Applications/MAMP/bin/php/php7.0.12/bin:/Applications/DevDesktop/tools
10 verbose lifecycle cwco-website@1.0.0~local: CWD: /Users/ecorreia/Sites/@beforesemicolon/cwco-website
11 silly lifecycle cwco-website@1.0.0~local: Args: [ '-c',
11 silly lifecycle   'nodemon --watch ./pages -e html,scss,js,ts,css --exec node ./server.js' ]
12 silly lifecycle cwco-website@1.0.0~local: Returned: code: 1  signal: null
13 info lifecycle cwco-website@1.0.0~local: Failed to exec local script
14 verbose stack Error: cwco-website@1.0.0 local: `nodemon --watch ./pages -e html,scss,js,ts,css --exec node ./server.js`
14 verbose stack Exit status 1
14 verbose stack     at EventEmitter.<anonymous> (/Users/ecorreia/.nvm/versions/node/v7.3.0/lib/node_modules/npm/lib/utils/lifecycle.js:255:16)
14 verbose stack     at emitTwo (events.js:106:13)
14 verbose stack     at EventEmitter.emit (events.js:191:7)
14 verbose stack     at ChildProcess.<anonymous> (/Users/ecorreia/.nvm/versions/node/v7.3.0/lib/node_modules/npm/lib/utils/spawn.js:40:14)
14 verbose stack     at emitTwo (events.js:106:13)
14 verbose stack     at ChildProcess.emit (events.js:191:7)
14 verbose stack     at maybeClose (internal/child_process.js:885:16)
14 verbose stack     at Process.ChildProcess._handle.onexit (internal/child_process.js:226:5)
15 verbose pkgid cwco-website@1.0.0
16 verbose cwd /Users/ecorreia/Sites/@beforesemicolon/cwco-website
17 error Darwin 21.4.0
18 error argv "/Users/ecorreia/.nvm/versions/node/v7.3.0/bin/node" "/Users/ecorreia/.nvm/versions/node/v7.3.0/bin/npm" "run" "local"
19 error node v7.3.0
20 error npm  v3.10.10
21 error code ELIFECYCLE
22 error cwco-website@1.0.0 local: `nodemon --watch ./pages -e html,scss,js,ts,css --exec node ./server.js`
22 error Exit status 1
23 error Failed at the cwco-website@1.0.0 local script 'nodemon --watch ./pages -e html,scss,js,ts,css --exec node ./server.js'.
23 error Make sure you have the latest version of node.js and npm installed.
23 error If you do, this is most likely a problem with the cwco-website package,
23 error not with npm itself.
23 error Tell the author that this fails on your system:
23 error     nodemon --watch ./pages -e html,scss,js,ts,css --exec node ./server.js
23 error You can get information on how to open an issue for this project with:
23 error     npm bugs cwco-website
23 error Or if that isn't available, you can get their info via:
23 error     npm owner ls cwco-website
23 error There is likely additional logging output above.
24 verbose exit [ 1, true ]
